app/build/outputs/logs/manifest-merger-debug-report.txt
-- Merging decision tree log ---
manifest
ADDED from src\main\AndroidManifest.xml:11:1-138:12
	package
		ADDED from src\main\AndroidManifest.xml:12:5-48
		INJECTED from src\main\AndroidManifest.xml
		INJECTED from src\main\AndroidManifest.xml
	android:versionName
		ADDED from src\main\AndroidManifest.xml:14:5-32
		INJECTED from src\main\AndroidManifest.xml
		INJECTED from src\main\AndroidManifest.xml
	android:versionCode
		ADDED from src\main\AndroidManifest.xml:13:5-33
		INJECTED from src\main\AndroidManifest.xml
		INJECTED from src\main\AndroidManifest.xml
	xmlns:android
		ADDED from src\main\AndroidManifest.xml:11:11-69
uses-sdk
ADDED from src\main\AndroidManifest.xml:16:5-18:41
	android:targetSdkVersion
		ADDED from src\main\AndroidManifest.xml:18:9-38
		INJECTED from src\main\AndroidManifest.xml
		INJECTED from src\main\AndroidManifest.xml
	android:minSdkVersion
		ADDED from src\main\AndroidManifest.xml:17:9-34
		INJECTED from src\main\AndroidManifest.xml
		INJECTED from src\main\AndroidManifest.xml
application
ADDED from src\main\AndroidManifest.xml:20:5-136:19
	android:label
		ADDED from src\main\AndroidManifest.xml:23:9-41
	android:allowBackup
		ADDED from src\main\AndroidManifest.xml:21:9-35
	android:icon
		ADDED from src\main\AndroidManifest.xml:22:9-45
	android:theme
		ADDED from src\main\AndroidManifest.xml:24:9-40
activity#com.dsi.ant.antplus.pluginsampler.Activity_Dashboard
ADDED from src\main\AndroidManifest.xml:25:9-33:20
	android:label
		ADDED from src\main\AndroidManifest.xml:27:13-45
	android:name
		ADDED from src\main\AndroidManifest.xml:26:13-47
intent-filter#android.intent.action.MAIN+android.intent.category.LAUNCHER
ADDED from src\main\AndroidManifest.xml:28:13-32:29
action#android.intent.action.MAIN
ADDED from src\main\AndroidManifest.xml:29:17-69
	android:name
		ADDED from src\main\AndroidManifest.xml:29:25-66
category#android.intent.category.LAUNCHER
ADDED from src\main\AndroidManifest.xml:31:17-77
	android:name
		ADDED from src\main\AndroidManifest.xml:31:27-74
activity#com.dsi.ant.antplus.pluginsampler.heartrate.Activity_SearchUiHeartRateSampler
ADDED from src\main\AndroidManifest.xml:34:9-38:50
	android:screenOrientation
		ADDED from src\main\AndroidManifest.xml:37:13-49
	android:label
		ADDED from src\main\AndroidManifest.xml:36:13-54
	android:configChanges
		ADDED from src\main\AndroidManifest.xml:38:13-48
	android:name
		ADDED from src\main\AndroidManifest.xml:35:13-105
activity#com.dsi.ant.antplus.pluginsampler.heartrate.Activity_AsyncScanHeartRateSampler
ADDED from src\main\AndroidManifest.xml:39:9-43:50
	android:screenOrientation
		ADDED from src\main\AndroidManifest.xml:42:13-49
	android:label
		ADDED from src\main\AndroidManifest.xml:41:13-52
	android:configChanges
		ADDED from src\main\AndroidManifest.xml:43:13-48
	android:name
		ADDED from src\main\AndroidManifest.xml:40:13-106
activity#com.dsi.ant.antplus.pluginsampler.Activity_BikeCadenceSampler
ADDED from src\main\AndroidManifest.xml:44:9-48:50
	android:screenOrientation
		ADDED from src\main\AndroidManifest.xml:47:13-49
	android:label
		ADDED from src\main\AndroidManifest.xml:46:13-56
	android:configChanges
		ADDED from src\main\AndroidManifest.xml:48:13-48
	android:name
		ADDED from src\main\AndroidManifest.xml:45:13-56
activity#com.dsi.ant.antplus.pluginsampler.Activity_BikeSpeedDistanceSampler
ADDED from src\main\AndroidManifest.xml:49:9-53:50
	android:screenOrientation
		ADDED from src\main\AndroidManifest.xml:52:13-49
	android:label
		ADDED from src\main\AndroidManifest.xml:51:13-67
	android:configChanges
		ADDED from src\main\AndroidManifest.xml:53:13-48
	android:name
		ADDED from src\main\AndroidManifest.xml:50:13-62
activity#com.dsi.ant.antplus.pluginsampler.Activity_EnvironmentSampler
ADDED from src\main\AndroidManifest.xml:54:9-58:50
	android:screenOrientation
		ADDED from src\main\AndroidManifest.xml:57:13-49
	android:label
		ADDED from src\main\AndroidManifest.xml:56:13-55
	android:configChanges
		ADDED from src\main\AndroidManifest.xml:58:13-48
	android:name
		ADDED from src\main\AndroidManifest.xml:55:13-89
activity#com.dsi.ant.antplus.pluginsampler.geocache.Activity_GeoScanList
ADDED from src\main\AndroidManifest.xml:59:9-63:50
	android:screenOrientation
		ADDED from src\main\AndroidManifest.xml:62:13-49
	android:label
		ADDED from src\main\AndroidManifest.xml:61:13-52
	android:configChanges
		ADDED from src\main\AndroidManifest.xml:63:13-48
	android:name
		ADDED from src\main\AndroidManifest.xml:60:13-91
activity#com.dsi.ant.antplus.pluginsampler.Activity_StrideSdmSampler
ADDED from src\main\AndroidManifest.xml:64:9-68:50
	android:screenOrientation
		ADDED from src\main\AndroidManifest.xml:67:13-49
	android:label
		ADDED from src\main\AndroidManifest.xml:66:13-54
	android:configChanges
		ADDED from src\main\AndroidManifest.xml:68:13-48
	android:name
		ADDED from src\main\AndroidManifest.xml:65:13-54
activity#com.dsi.ant.antplus.pluginsampler.controls.Activity_AudioControllableDeviceSampler
ADDED from src\main\AndroidManifest.xml:69:9-73:52
	android:screenOrientation
		ADDED from src\main\AndroidManifest.xml:73:13-49
	android:label
		ADDED from src\main\AndroidManifest.xml:72:13-69
	android:configChanges
		ADDED from src\main\AndroidManifest.xml:71:13-48
	android:name
		ADDED from src\main\AndroidManifest.xml:70:13-110
activity#com.dsi.ant.antplus.pluginsampler.controls.Activity_AudioRemoteControlSampler
ADDED from src\main\AndroidManifest.xml:74:9-78:52
	android:screenOrientation
		ADDED from src\main\AndroidManifest.xml:78:13-49
	android:label
		ADDED from src\main\AndroidManifest.xml:77:13-64
	android:configChanges
		ADDED from src\main\AndroidManifest.xml:76:13-48
	android:name
		ADDED from src\main\AndroidManifest.xml:75:13-105
activity#com.dsi.ant.antplus.pluginsampler.controls.Activity_VideoControllableDeviceSampler
ADDED from src\main\AndroidManifest.xml:79:9-83:52
	android:screenOrientation
		ADDED from src\main\AndroidManifest.xml:83:13-49
	android:label
		ADDED from src\main\AndroidManifest.xml:82:13-69
	android:configChanges
		ADDED from src\main\AndroidManifest.xml:81:13-48
	android:name
		ADDED from src\main\AndroidManifest.xml:80:13-110
activity#com.dsi.ant.antplus.pluginsampler.controls.Activity_VideoRemoteControlSampler
ADDED from src\main\AndroidManifest.xml:84:9-88:52
	android:screenOrientation
		ADDED from src\main\AndroidManifest.xml:88:13-49
	android:label
		ADDED from src\main\AndroidManifest.xml:87:13-64
	android:configChanges
		ADDED from src\main\AndroidManifest.xml:86:13-48
	android:name
		ADDED from src\main\AndroidManifest.xml:85:13-105
activity#com.dsi.ant.antplus.pluginsampler.controls.Activity_GenericControllableDeviceSampler
ADDED from src\main\AndroidManifest.xml:89:9-93:52
	android:screenOrientation
		ADDED from src\main\AndroidManifest.xml:93:13-49
	android:label
		ADDED from src\main\AndroidManifest.xml:92:13-71
	android:configChanges
		ADDED from src\main\AndroidManifest.xml:91:13-48
	android:name
		ADDED from src\main\AndroidManifest.xml:90:13-112
activity#com.dsi.ant.antplus.pluginsampler.controls.Activity_GenericRemoteControlSampler
ADDED from src\main\AndroidManifest.xml:94:9-98:52
	android:screenOrientation
		ADDED from src\main\AndroidManifest.xml:98:13-49
	android:label
		ADDED from src\main\AndroidManifest.xml:97:13-66
	android:configChanges
		ADDED from src\main\AndroidManifest.xml:96:13-48
	android:name
		ADDED from src\main\AndroidManifest.xml:95:13-107
activity#com.dsi.ant.antplus.pluginsampler.controls.Activity_MultiRemoteControlSampler
ADDED from src\main\AndroidManifest.xml:99:9-103:52
	android:screenOrientation
		ADDED from src\main\AndroidManifest.xml:103:13-49
	android:label
		ADDED from src\main\AndroidManifest.xml:102:13-64
	android:configChanges
		ADDED from src\main\AndroidManifest.xml:101:13-48
	android:name
		ADDED from src\main\AndroidManifest.xml:100:13-105
activity#com.dsi.ant.antplus.pluginsampler.weightscale.Activity_WeightScaleSampler
ADDED from src\main\AndroidManifest.xml:104:9-108:50
	android:screenOrientation
		ADDED from src\main\AndroidManifest.xml:107:13-49
	android:label
		ADDED from src\main\AndroidManifest.xml:106:13-56
	android:configChanges
		ADDED from src\main\AndroidManifest.xml:108:13-48
	android:name
		ADDED from src\main\AndroidManifest.xml:105:13-101
activity#com.dsi.ant.antplus.pluginsampler.fitnessequipment.Activity_FitnessEquipmentSampler
ADDED from src\main\AndroidManifest.xml:109:9-113:50
	android:screenOrientation
		ADDED from src\main\AndroidManifest.xml:112:13-49
	android:label
		ADDED from src\main\AndroidManifest.xml:111:13-61
	android:configChanges
		ADDED from src\main\AndroidManifest.xml:113:13-48
	android:name
		ADDED from src\main\AndroidManifest.xml:110:13-111
activity#com.dsi.ant.antplus.pluginsampler.bloodpressure.Activity_BloodPressureSampler
ADDED from src\main\AndroidManifest.xml:114:9-118:51
	android:screenOrientation
		ADDED from src\main\AndroidManifest.xml:118:13-49
	android:label
		ADDED from src\main\AndroidManifest.xml:116:13-58
	android:configChanges
		ADDED from src\main\AndroidManifest.xml:117:13-48
	android:name
		ADDED from src\main\AndroidManifest.xml:115:13-105
activity#com.dsi.ant.antplus.pluginsampler.Activity_BikePowerSampler
ADDED from src\main\AndroidManifest.xml:119:9-122:50
	android:screenOrientation
		ADDED from src\main\AndroidManifest.xml:121:13-49
	android:label
		ADDED from src\main\AndroidManifest.xml:120:13-54
	android:configChanges
		ADDED from src\main\AndroidManifest.xml:122:13-48
	android:name
		ADDED from src\main\AndroidManifest.xml:119:19-93
activity#com.dsi.ant.antplus.pluginsampler.watchdownloader.Activity_WatchScanList
ADDED from src\main\AndroidManifest.xml:123:9-126:50
	android:screenOrientation
		ADDED from src\main\AndroidManifest.xml:125:13-49
	android:label
		ADDED from src\main\AndroidManifest.xml:124:13-60
	android:configChanges
		ADDED from src\main\AndroidManifest.xml:126:13-48
	android:name
		ADDED from src\main\AndroidManifest.xml:123:19-106
activity#com.dsi.ant.antplus.pluginsampler.multidevicesearch.Activity_MultiDeviceFilter
ADDED from src\main\AndroidManifest.xml:127:9-130:52
	android:screenOrientation
		ADDED from src\main\AndroidManifest.xml:130:13-49
	android:label
		ADDED from src\main\AndroidManifest.xml:129:13-63
	android:name
		ADDED from src\main\AndroidManifest.xml:128:13-106
activity#com.dsi.ant.antplus.pluginsampler.multidevicesearch.Activity_MultiDeviceSearchSampler
ADDED from src\main\AndroidManifest.xml:131:9-134:52
	android:screenOrientation
		ADDED from src\main\AndroidManifest.xml:134:13-49
	android:label
		ADDED from src\main\AndroidManifest.xml:133:13-63
	android:name
		ADDED from src\main\AndroidManifest.xml:132:13-113